2025-08-05 23:04:27,816 - ERROR - Error fetching Google Trends: The request failed: Google returned a response with code 404
2025-08-05 23:04:27,823 - INFO - Generated post: Mindfulness and Mental Health Through an Astrological Lens: Your Cosmic Guide
2025-08-05 23:04:27,922 - ERROR - Git deployment failed: Command '['git', 'push']' returned non-zero exit status 128.
2025-08-05 22:48:18,222 - ERROR - Error fetching Google Trends: The request failed: Google returned a response with code 404
2025-08-05 22:48:18,227 - INFO - Generated post: Mindfulness and Mental Health Through an Astrological Lens: Your Cosmic Guide
2025-08-05 22:48:18,728 - ERROR - Git deployment failed: Command '['git', 'commit', '-m', '🤖 Auto-generated trending blog post: Mindfulness and Mental Health Through an Astrological Lens: ...\n\n📊 Trending Topic: Mindfulness and Mental Health\n✨ Astro Angle: Moon cycles and emotional balance\n📈 Engagement Score: 88\n\n🤖 Generated with automated trending topic system\nCo-Authored-By: AstroAura-Bot <bot@astroaura.me>']' returned non-zero exit status 128.
2025-08-06 01:16:40,682 - ERROR - Error checking post timing: can't subtract offset-naive and offset-aware datetimes
2025-08-06 01:16:40,722 - ERROR - Error fetching Google Trends: The request failed: Google returned a response with code 404
2025-08-06 01:16:40,727 - INFO - Generated post: The Universe's Take on Mindfulness and Mental Health: Astrological Insights for Modern Life
2025-08-06 01:16:41,229 - ERROR - Git deployment failed: Command '['git', 'commit', '-m', "🤖 Auto-generated trending blog post: The Universe's Take on Mindfulness and Mental Health: Astrol...\n\n📊 Trending Topic: Mindfulness and Mental Health\n✨ Astro Angle: Moon cycles and emotional balance\n📈 Engagement Score: 88\n\n🤖 Generated with automated trending topic system\nCo-Authored-By: AstroAura-Bot <bot@astroaura.me>"]' returned non-zero exit status 128.
2025-08-06 13:37:36,169 - ERROR - Error checking post timing: can't subtract offset-naive and offset-aware datetimes
2025-08-06 13:37:36,255 - ERROR - Error fetching Google Trends: The request failed: Google returned a response with code 404
2025-08-06 13:37:36,261 - INFO - Generated post: Mindfulness and Mental Health Through an Astrological Lens: Your Cosmic Guide
2025-08-06 13:37:36,480 - ERROR - Git deployment failed: Command '['git', 'commit', '-m', '🤖 Auto-generated trending blog post: Mindfulness and Mental Health Through an Astrological Lens: ...\n\n📊 Trending Topic: Mindfulness and Mental Health\n✨ Astro Angle: Moon cycles and emotional balance\n📈 Engagement Score: 88\n\n🤖 Generated with automated trending topic system\nCo-Authored-By: AstroAura-Bot <bot@astroaura.me>']' returned non-zero exit status 128.
2025-08-06 19:11:17,625 - ERROR - Error fetching Google Trends: The request failed: Google returned a response with code 404
2025-08-06 19:11:17,633 - INFO - Generated post: Why Moon cycles and emotional balance is the Key to Mastering Mindfulness and Mental Health
2025-08-06 19:11:17,840 - ERROR - Git deployment failed: Command '['git', 'commit', '-m', '🤖 Auto-generated trending blog post: Why Moon cycles and emotional balance is the Key to Masterin...\n\n📊 Trending Topic: Mindfulness and Mental Health\n✨ Astro Angle: Moon cycles and emotional balance\n📈 Engagement Score: 88\n\n🤖 Generated with automated trending topic system\nCo-Authored-By: AstroAura-Bot <bot@astroaura.me>']' returned non-zero exit status 128.
2025-08-07 01:17:10,191 - ERROR - Error fetching Google Trends: The request failed: Google returned a response with code 404
2025-08-07 01:17:10,196 - INFO - Generated post: Why Moon cycles and emotional balance is the Key to Mastering Mindfulness and Mental Health
2025-08-07 01:17:10,524 - ERROR - Git deployment failed: Command '['git', 'commit', '-m', '🤖 Auto-generated trending blog post: Why Moon cycles and emotional balance is the Key to Masterin...\n\n📊 Trending Topic: Mindfulness and Mental Health\n✨ Astro Angle: Moon cycles and emotional balance\n📈 Engagement Score: 88\n\n🤖 Generated with automated trending topic system\nCo-Authored-By: AstroAura-Bot <bot@astroaura.me>']' returned non-zero exit status 128.
2025-08-07 13:36:07,311 - ERROR - Error checking post timing: can't subtract offset-naive and offset-aware datetimes
2025-08-07 13:36:07,329 - ERROR - Error fetching Google Trends: The request failed: Google returned a response with code 404
2025-08-07 13:36:07,334 - INFO - Generated post: Why Moon cycles and emotional balance is the Key to Mastering Mindfulness and Mental Health
2025-08-07 13:36:07,838 - ERROR - Git deployment failed: Command '['git', 'commit', '-m', '🤖 Auto-generated trending blog post: Why Moon cycles and emotional balance is the Key to Masterin...\n\n📊 Trending Topic: Mindfulness and Mental Health\n✨ Astro Angle: Moon cycles and emotional balance\n📈 Engagement Score: 88\n\n🤖 Generated with automated trending topic system\nCo-Authored-By: AstroAura-Bot <bot@astroaura.me>']' returned non-zero exit status 128.
2025-08-07 19:12:00,169 - ERROR - Error fetching Google Trends: The request failed: Google returned a response with code 404
2025-08-07 19:12:00,174 - INFO - Generated post: The Universe's Take on Mindfulness and Mental Health: Astrological Insights for Modern Life
2025-08-07 19:12:00,679 - ERROR - Git deployment failed: Command '['git', 'commit', '-m', "🤖 Auto-generated trending blog post: The Universe's Take on Mindfulness and Mental Health: Astrol...\n\n📊 Trending Topic: Mindfulness and Mental Health\n✨ Astro Angle: Moon cycles and emotional balance\n📈 Engagement Score: 88\n\n🤖 Generated with automated trending topic system\nCo-Authored-By: AstroAura-Bot <bot@astroaura.me>"]' returned non-zero exit status 128.
2025-08-07 22:15:40,316 - ERROR - Error fetching Google Trends: The request failed: Google returned a response with code 404
2025-08-07 22:15:47,232 - INFO - Generated post: How Moon cycles and emotional balance Can Transform Your Wellness Journey
2025-08-07 22:15:47,686 - ERROR - Git deployment failed: Command '['git', 'commit', '-m', '🤖 Auto-generated trending blog post: How Moon cycles and emotional balance Can Transform Your Wel...\n\n📊 Trending Topic: Mindfulness and Mental Health\n✨ Astro Angle: Moon cycles and emotional balance\n📈 Engagement Score: 88\n\n🤖 Generated with automated trending topic system\nCo-Authored-By: AstroAura-Bot <bot@astroaura.me>']' returned non-zero exit status 128.
2025-08-08 01:16:41,324 - ERROR - Error fetching Google Trends: The request failed: Google returned a response with code 404
2025-08-08 01:17:39,745 - INFO - Generated post: Mindfulness and Mental Health Through an Astrological Lens: Your Cosmic Guide
2025-08-08 01:17:39,863 - ERROR - Git deployment failed: Command '['git', 'commit', '-m', '🤖 Auto-generated trending blog post: Mindfulness and Mental Health Through an Astrological Lens: ...\n\n📊 Trending Topic: Mindfulness and Mental Health\n✨ Astro Angle: Moon cycles and emotional balance\n📈 Engagement Score: 88\n\n🤖 Generated with automated trending topic system\nCo-Authored-By: AstroAura-Bot <bot@astroaura.me>']' returned non-zero exit status 128.
